<?xml version="1.0" encoding="UTF-8"?>
<testng-results total="1" passed="1" failed="0" skipped="0">
  <reporter-output>
  </reporter-output>
  <suite started-at="2020-05-07T15:55:56Z" name="Default suite" finished-at="2020-05-07T15:56:08Z" duration-ms="11556">
    <groups>
    </groups>
    <test started-at="2020-05-07T15:55:56Z" name="Default test" finished-at="2020-05-07T15:56:08Z" duration-ms="11556">
      <class name="may7.artimay78.may7testcas">
        <test-method is-config="true" signature="beforeTest()[pri:0, instance:may7.artimay78.may7testcas@625732]" started-at="2020-05-07T08:55:56Z" name="beforeTest" finished-at="2020-05-07T08:56:01Z" duration-ms="4647" status="PASS">
          <reporter-output>
          </reporter-output>
        </test-method> <!-- beforeTest -->
        <test-method signature="testEasy()[pri:0, instance:may7.artimay78.may7testcas@625732]" started-at="2020-05-07T08:56:01Z" name="testEasy" finished-at="2020-05-07T08:56:05Z" duration-ms="3834" status="PASS">
          <reporter-output>
          </reporter-output>
        </test-method> <!-- testEasy -->
        <test-method is-config="true" signature="afterTest()[pri:0, instance:may7.artimay78.may7testcas@625732]" started-at="2020-05-07T08:56:05Z" name="afterTest" finished-at="2020-05-07T08:56:08Z" duration-ms="3053" status="PASS">
          <reporter-output>
          </reporter-output>
        </test-method> <!-- afterTest -->
      </class> <!-- may7.artimay78.may7testcas -->
    </test> <!-- Default test -->
  </suite> <!-- Default suite -->
</testng-results>
